<?xml version="1.0" encoding="UTF-8"?>
<!-- Generated by org.testng.reporters.JUnitXMLReporter -->
<testsuite ignored="0" hostname="Pranav" failures="0" tests="4" name="Default test" time="0.06" errors="0" timestamp="2024-11-26T21:36:32 IST">
  <testcase classname="BaseTest.BaseTest" name="@BeforeSuite beforeeclass" time="-1.732637192513E9">
    <failure type="org.testng.TestNGException" message="
Parameter &amp;apos;browsername&amp;apos; is required by BeforeSuite on method beforeeclass but has not been marked @Optional or defined
in C:\Users\pdisa\AppData\Local\Temp\testng-eclipse-1751885278\testng-customsuite.xml">
      <![CDATA[org.testng.TestNGException: 
Parameter 'browsername' is required by BeforeSuite on method beforeeclass but has not been marked @Optional or defined
in C:\Users\pdisa\AppData\Local\Temp\testng-eclipse-1751885278\testng-customsuite.xml
at org.testng.internal.Parameters.createParams(Parameters.java:270)
at org.testng.internal.Parameters.createParametersForMethod(Parameters.java:358)
at org.testng.internal.Parameters.createParameters(Parameters.java:700)
at org.testng.internal.Parameters.createConfigurationParameters(Parameters.java:168)
at org.testng.internal.ConfigInvoker.invokeConfigurations(ConfigInvoker.java:302)
at org.testng.SuiteRunner.privateRun(SuiteRunner.java:317)
at org.testng.SuiteRunner.run(SuiteRunner.java:276)
at org.testng.SuiteRunnerWorker.runSuite(SuiteRunnerWorker.java:53)
at org.testng.SuiteRunnerWorker.run(SuiteRunnerWorker.java:96)
at org.testng.TestNG.runSuitesSequentially(TestNG.java:1212)
at org.testng.TestNG.runSuitesLocally(TestNG.java:1134)
at org.testng.TestNG.runSuites(TestNG.java:1063)
at org.testng.TestNG.run(TestNG.java:1031)
at org.testng.remote.AbstractRemoteTestNG.run(AbstractRemoteTestNG.java:115)
at org.testng.remote.RemoteTestNG.initAndRun(RemoteTestNG.java:293)
at org.testng.remote.RemoteTestNG.main(RemoteTestNG.java:91)
]]>
    </failure>
  </testcase> <!-- @BeforeSuite beforeeclass -->
  <testcase classname="BaseTest.BaseTest" name="@BeforeTest beforeTests" time="-1.732637192527E9">
    <skipped/>
  </testcase> <!-- @BeforeTest beforeTests -->
  <testcase classname="BaseTest.BaseTest" name="@BeforeMethod beforeMethods" time="-1.73263719255E9">
    <skipped/>
  </testcase> <!-- @BeforeMethod beforeMethods -->
  <testcase classname="BaseTest.BaseTest" name="@AfterMethod afterMethods" time="-1.732637192565E9">
    <skipped/>
  </testcase> <!-- @AfterMethod afterMethods -->
  <testcase classname="BaseTest.BaseTest" name="@BeforeMethod beforeMethods" time="-1.732637192569E9">
    <skipped/>
  </testcase> <!-- @BeforeMethod beforeMethods -->
  <testcase classname="BaseTest.BaseTest" name="@AfterMethod afterMethods" time="-1.732637192573E9">
    <skipped/>
  </testcase> <!-- @AfterMethod afterMethods -->
  <testcase classname="BaseTest.BaseTest" name="@BeforeMethod beforeMethods" time="-1.732637192574E9">
    <skipped/>
  </testcase> <!-- @BeforeMethod beforeMethods -->
  <testcase classname="BaseTest.BaseTest" name="@AfterMethod afterMethods" time="-1.732637192577E9">
    <skipped/>
  </testcase> <!-- @AfterMethod afterMethods -->
  <testcase classname="BaseTest.BaseTest" name="@BeforeMethod beforeMethods" time="-1.732637192578E9">
    <skipped/>
  </testcase> <!-- @BeforeMethod beforeMethods -->
  <testcase classname="BaseTest.BaseTest" name="@AfterMethod afterMethods" time="-1.732637192582E9">
    <skipped/>
  </testcase> <!-- @AfterMethod afterMethods -->
  <testcase classname="BaseTest.BaseTest" name="@AfterTest afterTests" time="-1.732637192583E9">
    <skipped/>
  </testcase> <!-- @AfterTest afterTests -->
  <testcase classname="TestCases.validateRevenueCalculator" name="nevigateToHomePage" time="0.0">
    <skipped/>
  </testcase> <!-- nevigateToHomePage -->
  <testcase classname="TestCases.validateRevenueCalculator" name="nevigateToRevenueCalculatorPage" time="0.0">
    <skipped/>
  </testcase> <!-- nevigateToRevenueCalculatorPage -->
  <testcase classname="TestCases.validateRevenueCalculator" name="scrolldownPageTillCalculator" time="0.0">
    <skipped/>
  </testcase> <!-- scrolldownPageTillCalculator -->
  <testcase classname="TestCases.validateRevenueCalculator" name="adjustslidebar" time="0.0">
    <skipped/>
  </testcase> <!-- adjustslidebar -->
</testsuite> <!-- Default test -->
